    1  00  00      .base b                ; rB - базовый
    2  00  31  00  start: mvi b,start; ќтносительный адрес - в rB: rB - базовый
    3  02  40      in 0                ;ввод числа 'A' из порта с адресом 0 в –ќЌ a
    4  03  1c  76  stor a,A        ;запомнить число 'A' по символическому адресу A
    5  05  41      in 1                ;ввод числа 'B' из порта с адресом 1 в –ќЌ a
    6  06  1c  77  stor a,B        ;запомнить число 'B' по символическому адресу B
    7  08  42      in 2                ;ввод числа 'C' из порта с адресом 2 в –ќЌ a
    8  09  1c  78  stor a,C        ;запомнить число 'C' по символическому адресу C
    9  0b  43      in 3                ;ввод числа 'D' из порта с адресом 3 в –ќЌ a
   10  0c  1c  79  stor a,D        ;запомнить число 'D' по символическому адресу D
   12  0e  21      push b                ;(rB)v (sp) сохранить базовый адpес в стеке
   13  0f  14  77  load a,B        ;в rA загрузить 'A'
   14  11  20      push a                ;(rB)v (sp) сохранить базовый адpес в стеке
   15  12  15  76  load b,A        ; загpузить в rB A, использу€ относительный адpес
   16  14  90  01  mui a,1                ; pаспpостpанить знак
   17  16  9c  81  dvm a,1(sp)        ; pазделить (rA,rB) на содержимое веpхушки стека
   18  18  09      mov a,b                ; пеpеслать частное в rA
   19  19  29      pop b                ; (sp)^(rB) : вытолкнуть из стека в rB B
   20  1a  29      pop b                ; (sp)^(rb) : восстановить из стека базовый адрес
   21  1b  1c  7a  stor a,tmp        ; запомнить по относительному адресу результат A/B
   22  1d  21      push b                ;(rB)v (sp) сохранить базовый адpес в стеке
   24  1e  15  79  load b,D        ;в rB загрузить 'D'
   25  20  81      mur a,b                ;(rB)*(rB)-> (rA,rB)
   26  21  09      mov a,b                ; пеpеслать частное в rA
   27  22  29      pop b                ; (sp)^(rb) : восстановить из стека базовый адрес
   28  23  21      push b                ;
   29  24  20      push a                ;
   31  25  15  78  load b,c        ;
   32  27  90  01  mui a, 1        ;расширить знак(преобразовать слово в двойное слово)
   33  29  9c  81  dvm a,1(sp)        ;(rA,rB)/B-> частное в rB, остаток в rA
   34  2b  09      mov a,b                ; пеpеслать частное в rA
   35  2c  29      pop b                ; (sp)^(rB) : вытолкнуть из стека в rB B
   36  2d  29      pop b                ; (sp)^(rb) : восстановить из стека базовый адрес
   37  2e  21      push b                ;
   38  2f  20      push a                ;
   40  30  14  7a  load a,tmp        ;в rA загрузить 'tmp'
   41  32  29      pop b                ;
   42  33  69      sbr a,b                ;вычесть из (rA) (rB)
   43  34  4f      out 7                ;вывод в 7 поле
   44  35  f8      stop                ;стоп
   45  36  00      A: .ds 1        ;€чейка (1 зарезервированный байт) дл€ A
   46  37  00      B: .ds 1        ;€чейка (1 зарезервированный байт) дл€ B
   47  38  00      C: .ds 1        ;€чейка (1 зарезервированный байт) дл€ C
   48  39  00      D: .ds 1        ;€чейка (1 зарезервированный байт) дл€ D
   49  3a  00      tmp: .ds 1        ;€чейка (1 зарезервированный байт) дл€ tmp
   50  3b  00      tmp2: .ds 1        ;€чейка (1 зарезервированный байт) дл€ tmp2

    ***** Т†°Ђ®ж† ѓ•а•™а•бв≠ле бблЂЃ™ *****
  ®ђп     Ѓѓа•§•Ђ•≠®•     бблЂ™®

 TMP2     3b                                                                   
 TMP      3a              31  1c                                               
 START    0               1                                                    
 D        39              1f  d                                                
 C        38              26  a                                                
 B        37              10  7                                                
 A        36              13  4                                                

  **** Н• Ѓ°≠†аг¶•≠Ѓ Ѓи®°Ѓ™. Убѓ•и≠Ѓ• І†Ґ•аи•≠®• ****

